2025-09-02 20:59:49,478 - api_client - INFO - API клиент запущен (URL: https://api.bybit.com/v5)
2025-09-02 20:59:49,478 - __main__ - INFO - Арбитражный бот запущен
2025-09-02 20:59:50,090 - api_client - INFO - Загружено 602 торговых пар
2025-09-02 20:59:50,135 - arbitrage_logic - DEBUG - Найдено 201 потенциальных путей
2025-09-02 20:59:50,135 - arbitrage_logic - DEBUG - Загрузка стаканов для 193 пар
2025-09-02 20:59:52,737 - arbitrage_logic - DEBUG - Загружено 193 стаканов заявок
2025-09-02 20:59:52,740 - __main__ - INFO - Найдено 1 арбитражных возможностей!
2025-09-02 20:59:53,293 - arbitrage_logic - DEBUG - Найдено 201 потенциальных путей
2025-09-02 20:59:53,293 - arbitrage_logic - DEBUG - Загрузка стаканов для 193 пар
2025-09-02 20:59:57,341 - arbitrage_logic - DEBUG - Загружено 193 стаканов заявок
2025-09-02 20:59:57,345 - __main__ - INFO - Найдено 1 арбитражных возможностей!
2025-09-02 20:59:57,906 - arbitrage_logic - DEBUG - Найдено 201 потенциальных путей
2025-09-02 20:59:57,907 - arbitrage_logic - DEBUG - Загрузка стаканов для 193 пар
2025-09-02 20:59:59,509 - arbitrage_logic - DEBUG - Загружено 193 стаканов заявок
2025-09-02 20:59:59,510 - __main__ - DEBUG - Прибыльных арбитражных возможностей не найдено
2025-09-02 21:00:00,062 - arbitrage_logic - DEBUG - Найдено 201 потенциальных путей
2025-09-02 21:00:00,063 - arbitrage_logic - DEBUG - Загрузка стаканов для 193 пар
2025-09-02 21:00:03,720 - arbitrage_logic - DEBUG - Загружено 193 стаканов заявок
2025-09-02 21:00:03,724 - __main__ - INFO - Найдено 1 арбитражных возможностей!
2025-09-02 21:00:04,286 - arbitrage_logic - DEBUG - Найдено 201 потенциальных путей
2025-09-02 21:00:04,287 - arbitrage_logic - DEBUG - Загрузка стаканов для 193 пар
2025-09-02 21:00:05,365 - arbitrage_logic - DEBUG - Загружено 193 стаканов заявок
2025-09-02 21:00:05,371 - __main__ - INFO - Найдено 1 арбитражных возможностей!
2025-09-02 21:00:05,934 - arbitrage_logic - DEBUG - Найдено 201 потенциальных путей
2025-09-02 21:00:05,934 - arbitrage_logic - DEBUG - Загрузка стаканов для 193 пар
2025-09-02 21:00:06,979 - arbitrage_logic - DEBUG - Загружено 193 стаканов заявок
2025-09-02 21:00:06,986 - __main__ - INFO - Найдено 1 арбитражных возможностей!
2025-09-02 21:00:07,538 - arbitrage_logic - DEBUG - Найдено 201 потенциальных путей
2025-09-02 21:00:07,539 - arbitrage_logic - DEBUG - Загрузка стаканов для 193 пар
2025-09-02 21:00:08,701 - arbitrage_logic - DEBUG - Загружено 193 стаканов заявок
2025-09-02 21:00:08,705 - __main__ - INFO - Найдено 1 арбитражных возможностей!
2025-09-02 21:00:09,259 - arbitrage_logic - DEBUG - Найдено 201 потенциальных путей
2025-09-02 21:00:09,259 - arbitrage_logic - DEBUG - Загрузка стаканов для 193 пар
2025-09-02 21:00:10,121 - arbitrage_logic - DEBUG - Загружено 193 стаканов заявок
2025-09-02 21:00:10,125 - __main__ - INFO - Найдено 1 арбитражных возможностей!
2025-09-02 21:00:10,685 - arbitrage_logic - DEBUG - Найдено 201 потенциальных путей
2025-09-02 21:00:10,686 - arbitrage_logic - DEBUG - Загрузка стаканов для 193 пар
2025-09-02 21:00:11,566 - arbitrage_logic - DEBUG - Загружено 193 стаканов заявок
2025-09-02 21:00:11,571 - __main__ - INFO - Найдено 1 арбитражных возможностей!
2025-09-02 21:00:12,125 - arbitrage_logic - DEBUG - Найдено 201 потенциальных путей
2025-09-02 21:00:12,126 - arbitrage_logic - DEBUG - Загрузка стаканов для 193 пар
2025-09-02 21:00:13,355 - arbitrage_logic - DEBUG - Загружено 193 стаканов заявок
2025-09-02 21:00:13,358 - __main__ - INFO - Найдено 1 арбитражных возможностей!
2025-09-02 21:00:13,920 - arbitrage_logic - DEBUG - Найдено 201 потенциальных путей
2025-09-02 21:00:13,921 - arbitrage_logic - DEBUG - Загрузка стаканов для 193 пар
2025-09-02 21:00:15,031 - arbitrage_logic - DEBUG - Загружено 193 стаканов заявок
2025-09-02 21:00:15,034 - __main__ - INFO - Найдено 1 арбитражных возможностей!
2025-09-02 21:00:15,590 - arbitrage_logic - DEBUG - Найдено 201 потенциальных путей
2025-09-02 21:00:15,590 - arbitrage_logic - DEBUG - Загрузка стаканов для 193 пар
2025-09-02 21:00:16,344 - arbitrage_logic - DEBUG - Загружено 193 стаканов заявок
2025-09-02 21:00:16,347 - __main__ - INFO - Найдено 1 арбитражных возможностей!
2025-09-02 21:00:16,902 - arbitrage_logic - DEBUG - Найдено 201 потенциальных путей
2025-09-02 21:00:16,902 - arbitrage_logic - DEBUG - Загрузка стаканов для 193 пар
2025-09-02 21:00:17,582 - arbitrage_logic - DEBUG - Загружено 193 стаканов заявок
2025-09-02 21:00:17,586 - __main__ - INFO - Найдено 1 арбитражных возможностей!
2025-09-02 21:00:18,148 - arbitrage_logic - DEBUG - Найдено 201 потенциальных путей
2025-09-02 21:00:18,148 - arbitrage_logic - DEBUG - Загрузка стаканов для 193 пар
2025-09-02 21:00:19,019 - arbitrage_logic - DEBUG - Загружено 193 стаканов заявок
2025-09-02 21:00:19,025 - __main__ - INFO - Найдено 1 арбитражных возможностей!
2025-09-02 21:00:19,584 - arbitrage_logic - DEBUG - Найдено 201 потенциальных путей
2025-09-02 21:00:19,586 - arbitrage_logic - DEBUG - Загрузка стаканов для 193 пар
2025-09-02 21:00:20,239 - arbitrage_logic - DEBUG - Загружено 193 стаканов заявок
2025-09-02 21:00:20,242 - __main__ - INFO - Найдено 1 арбитражных возможностей!
2025-09-02 21:00:20,800 - arbitrage_logic - DEBUG - Найдено 201 потенциальных путей
2025-09-02 21:00:20,800 - arbitrage_logic - DEBUG - Загрузка стаканов для 193 пар
2025-09-02 21:00:21,440 - arbitrage_logic - DEBUG - Загружено 193 стаканов заявок
2025-09-02 21:00:21,444 - __main__ - INFO - Найдено 1 арбитражных возможностей!
2025-09-02 21:00:22,007 - arbitrage_logic - DEBUG - Найдено 201 потенциальных путей
2025-09-02 21:00:22,007 - arbitrage_logic - DEBUG - Загрузка стаканов для 193 пар
2025-09-02 21:00:22,753 - arbitrage_logic - DEBUG - Загружено 193 стаканов заявок
2025-09-02 21:00:22,757 - __main__ - INFO - Найдено 1 арбитражных возможностей!
2025-09-02 21:00:23,303 - arbitrage_logic - DEBUG - Найдено 201 потенциальных путей
2025-09-02 21:00:23,304 - arbitrage_logic - DEBUG - Загрузка стаканов для 193 пар
2025-09-02 21:00:24,221 - arbitrage_logic - DEBUG - Загружено 193 стаканов заявок
2025-09-02 21:00:24,226 - __main__ - INFO - Найдено 1 арбитражных возможностей!
2025-09-02 21:00:24,775 - arbitrage_logic - DEBUG - Найдено 201 потенциальных путей
2025-09-02 21:00:24,776 - arbitrage_logic - DEBUG - Загрузка стаканов для 193 пар
2025-09-02 21:00:25,435 - arbitrage_logic - DEBUG - Загружено 193 стаканов заявок
2025-09-02 21:00:25,439 - __main__ - INFO - Найдено 1 арбитражных возможностей!
2025-09-02 21:00:26,001 - arbitrage_logic - DEBUG - Найдено 201 потенциальных путей
2025-09-02 21:00:26,002 - arbitrage_logic - DEBUG - Загрузка стаканов для 193 пар
2025-09-02 21:00:26,004 - asyncio - ERROR - Fatal error on SSL protocol
protocol: <asyncio.sslproto.SSLProtocol object at 0x000002258823EF90>
transport: <_ProactorSocketTransport closing fd=480>
Traceback (most recent call last):
  File "C:\Users\maxim\AppData\Local\Programs\Python\Python311\Lib\asyncio\sslproto.py", line 694, in _write_appdata
    self._do_write()
  File "C:\Users\maxim\AppData\Local\Programs\Python\Python311\Lib\asyncio\sslproto.py", line 713, in _do_write
    self._process_outgoing()
  File "C:\Users\maxim\AppData\Local\Programs\Python\Python311\Lib\asyncio\sslproto.py", line 719, in _process_outgoing
    self._transport.write(data)
  File "C:\Users\maxim\AppData\Local\Programs\Python\Python311\Lib\asyncio\proactor_events.py", line 365, in write
    self._loop_writing(data=bytes(data))
  File "C:\Users\maxim\AppData\Local\Programs\Python\Python311\Lib\asyncio\proactor_events.py", line 401, in _loop_writing
    self._write_fut = self._loop._proactor.send(self._sock, data)
                      ^^^^^^^^^^^^^^^^^^^^^^^^^^^^^^^^^^^^^^^^^^^
  File "C:\Users\maxim\AppData\Local\Programs\Python\Python311\Lib\asyncio\windows_events.py", line 574, in send
    ov.WSASend(conn.fileno(), buf, flags)
TypeError: main.<locals>.handle_exit() takes 1 positional argument but 2 were given
2025-09-02 21:00:26,075 - api_client - DEBUG - Ошибка получения стакана для NOTUSDC: main.<locals>.handle_exit() takes 1 positional argument but 2 were given
2025-09-02 21:00:26,773 - arbitrage_logic - DEBUG - Загружено 192 стаканов заявок
2025-09-02 21:00:26,778 - __main__ - INFO - Найдено 1 арбитражных возможностей!
2025-09-02 21:00:27,348 - arbitrage_logic - DEBUG - Найдено 201 потенциальных путей
2025-09-02 21:00:27,349 - arbitrage_logic - DEBUG - Загрузка стаканов для 193 пар
2025-09-02 21:00:28,075 - arbitrage_logic - DEBUG - Загружено 193 стаканов заявок
2025-09-02 21:00:28,080 - __main__ - INFO - Найдено 1 арбитражных возможностей!
2025-09-02 21:00:28,632 - arbitrage_logic - DEBUG - Найдено 201 потенциальных путей
2025-09-02 21:00:28,632 - arbitrage_logic - DEBUG - Загрузка стаканов для 193 пар
2025-09-02 21:00:29,291 - arbitrage_logic - DEBUG - Загружено 193 стаканов заявок
2025-09-02 21:00:29,295 - __main__ - INFO - Найдено 1 арбитражных возможностей!
2025-09-02 21:05:29,051 - api_client - INFO - API клиент запущен (URL: https://api-testnet.bybit.com/v5)
2025-09-02 21:05:29,051 - __main__ - INFO - Арбитражный бот запущен
2025-09-02 21:05:30,248 - api_client - INFO - Загружено 314 торговых пар
2025-09-02 21:05:30,263 - arbitrage_logic - DEBUG - Найдено 178 потенциальных путей
2025-09-02 21:05:30,263 - arbitrage_logic - DEBUG - Загрузка стаканов для 153 пар
2025-09-02 21:05:32,173 - arbitrage_logic - DEBUG - Загружено 19 стаканов заявок
2025-09-02 21:05:32,174 - __main__ - DEBUG - Прибыльных арбитражных возможностей не найдено
2025-09-02 21:05:32,689 - arbitrage_logic - DEBUG - Найдено 178 потенциальных путей
2025-09-02 21:05:32,689 - arbitrage_logic - DEBUG - Загрузка стаканов для 153 пар
2025-09-02 21:05:33,352 - arbitrage_logic - DEBUG - Загружено 19 стаканов заявок
2025-09-02 21:05:33,353 - __main__ - DEBUG - Прибыльных арбитражных возможностей не найдено
2025-09-02 21:05:33,866 - arbitrage_logic - DEBUG - Найдено 178 потенциальных путей
2025-09-02 21:05:33,867 - arbitrage_logic - DEBUG - Загрузка стаканов для 153 пар
2025-09-02 21:05:34,618 - arbitrage_logic - DEBUG - Загружено 19 стаканов заявок
2025-09-02 21:05:34,618 - __main__ - DEBUG - Прибыльных арбитражных возможностей не найдено
2025-09-02 21:05:35,142 - arbitrage_logic - DEBUG - Найдено 178 потенциальных путей
2025-09-02 21:05:35,142 - arbitrage_logic - DEBUG - Загрузка стаканов для 153 пар
2025-09-02 21:05:35,791 - arbitrage_logic - DEBUG - Загружено 19 стаканов заявок
2025-09-02 21:05:35,793 - __main__ - DEBUG - Прибыльных арбитражных возможностей не найдено
2025-09-02 21:05:36,323 - arbitrage_logic - DEBUG - Найдено 178 потенциальных путей
2025-09-02 21:05:36,323 - arbitrage_logic - DEBUG - Загрузка стаканов для 153 пар
2025-09-02 21:05:36,995 - arbitrage_logic - DEBUG - Загружено 19 стаканов заявок
2025-09-02 21:05:36,997 - __main__ - DEBUG - Прибыльных арбитражных возможностей не найдено
2025-09-02 21:05:37,512 - arbitrage_logic - DEBUG - Найдено 178 потенциальных путей
2025-09-02 21:05:37,512 - arbitrage_logic - DEBUG - Загрузка стаканов для 153 пар
2025-09-02 21:05:38,135 - arbitrage_logic - DEBUG - Загружено 19 стаканов заявок
2025-09-02 21:05:38,137 - __main__ - DEBUG - Прибыльных арбитражных возможностей не найдено
2025-09-02 21:05:45,262 - api_client - INFO - API клиент запущен (URL: https://api.bybit.com/v5)
2025-09-02 21:05:45,262 - __main__ - INFO - Арбитражный бот запущен
2025-09-02 21:05:45,680 - api_client - INFO - Загружено 602 торговых пар
2025-09-02 21:05:45,726 - arbitrage_logic - DEBUG - Найдено 201 потенциальных путей
2025-09-02 21:05:45,726 - arbitrage_logic - DEBUG - Загрузка стаканов для 193 пар
2025-09-02 21:05:47,984 - arbitrage_logic - DEBUG - Загружено 193 стаканов заявок
2025-09-02 21:05:47,986 - __main__ - DEBUG - Прибыльных арбитражных возможностей не найдено
2025-09-02 21:05:48,548 - arbitrage_logic - DEBUG - Найдено 201 потенциальных путей
2025-09-02 21:05:48,548 - arbitrage_logic - DEBUG - Загрузка стаканов для 193 пар
2025-09-02 21:05:49,788 - arbitrage_logic - DEBUG - Загружено 193 стаканов заявок
2025-09-02 21:05:49,791 - __main__ - DEBUG - Прибыльных арбитражных возможностей не найдено
2025-09-02 21:05:50,347 - arbitrage_logic - DEBUG - Найдено 201 потенциальных путей
2025-09-02 21:05:50,347 - arbitrage_logic - DEBUG - Загрузка стаканов для 193 пар
2025-09-02 21:05:50,983 - arbitrage_logic - DEBUG - Загружено 193 стаканов заявок
2025-09-02 21:05:50,984 - __main__ - DEBUG - Прибыльных арбитражных возможностей не найдено
2025-09-02 21:05:51,546 - arbitrage_logic - DEBUG - Найдено 201 потенциальных путей
2025-09-02 21:05:51,546 - arbitrage_logic - DEBUG - Загрузка стаканов для 193 пар
2025-09-02 21:05:53,006 - arbitrage_logic - DEBUG - Загружено 193 стаканов заявок
2025-09-02 21:05:53,009 - __main__ - DEBUG - Прибыльных арбитражных возможностей не найдено
2025-09-02 21:05:53,558 - arbitrage_logic - DEBUG - Найдено 201 потенциальных путей
2025-09-02 21:05:53,558 - arbitrage_logic - DEBUG - Загрузка стаканов для 193 пар
2025-09-02 21:05:54,980 - arbitrage_logic - DEBUG - Загружено 193 стаканов заявок
2025-09-02 21:05:54,983 - __main__ - DEBUG - Прибыльных арбитражных возможностей не найдено
2025-09-02 21:05:55,530 - arbitrage_logic - DEBUG - Найдено 201 потенциальных путей
2025-09-02 21:05:55,531 - arbitrage_logic - DEBUG - Загрузка стаканов для 193 пар
2025-09-02 21:05:57,321 - arbitrage_logic - DEBUG - Загружено 193 стаканов заявок
2025-09-02 21:05:57,322 - __main__ - DEBUG - Прибыльных арбитражных возможностей не найдено
2025-09-02 21:05:57,873 - arbitrage_logic - DEBUG - Найдено 201 потенциальных путей
2025-09-02 21:05:57,874 - arbitrage_logic - DEBUG - Загрузка стаканов для 193 пар
2025-09-02 21:05:59,179 - arbitrage_logic - DEBUG - Загружено 193 стаканов заявок
2025-09-02 21:05:59,180 - __main__ - DEBUG - Прибыльных арбитражных возможностей не найдено
2025-09-02 21:05:59,733 - arbitrage_logic - DEBUG - Найдено 201 потенциальных путей
2025-09-02 21:05:59,734 - arbitrage_logic - DEBUG - Загрузка стаканов для 193 пар
2025-09-02 21:06:00,965 - arbitrage_logic - DEBUG - Загружено 193 стаканов заявок
2025-09-02 21:06:00,966 - __main__ - DEBUG - Прибыльных арбитражных возможностей не найдено
2025-09-02 21:06:01,527 - arbitrage_logic - DEBUG - Найдено 201 потенциальных путей
2025-09-02 21:06:01,528 - arbitrage_logic - DEBUG - Загрузка стаканов для 193 пар
2025-09-02 21:06:02,194 - arbitrage_logic - DEBUG - Загружено 193 стаканов заявок
2025-09-02 21:06:02,196 - __main__ - DEBUG - Прибыльных арбитражных возможностей не найдено
2025-09-02 21:06:02,746 - arbitrage_logic - DEBUG - Найдено 201 потенциальных путей
2025-09-02 21:06:02,746 - arbitrage_logic - DEBUG - Загрузка стаканов для 193 пар
2025-09-02 21:06:03,857 - arbitrage_logic - DEBUG - Загружено 193 стаканов заявок
2025-09-02 21:06:03,858 - __main__ - DEBUG - Прибыльных арбитражных возможностей не найдено
2025-09-02 21:06:04,411 - arbitrage_logic - DEBUG - Найдено 201 потенциальных путей
2025-09-02 21:06:04,411 - arbitrage_logic - DEBUG - Загрузка стаканов для 193 пар
2025-09-02 21:06:05,051 - arbitrage_logic - DEBUG - Загружено 193 стаканов заявок
2025-09-02 21:06:05,053 - __main__ - DEBUG - Прибыльных арбитражных возможностей не найдено
2025-09-02 21:06:05,617 - arbitrage_logic - DEBUG - Найдено 201 потенциальных путей
2025-09-02 21:06:05,617 - arbitrage_logic - DEBUG - Загрузка стаканов для 193 пар
2025-09-02 21:06:06,729 - arbitrage_logic - DEBUG - Загружено 193 стаканов заявок
2025-09-02 21:06:06,730 - __main__ - DEBUG - Прибыльных арбитражных возможностей не найдено
2025-09-02 21:06:07,295 - arbitrage_logic - DEBUG - Найдено 201 потенциальных путей
2025-09-02 21:06:07,295 - arbitrage_logic - DEBUG - Загрузка стаканов для 193 пар
2025-09-02 21:06:08,380 - arbitrage_logic - DEBUG - Загружено 193 стаканов заявок
2025-09-02 21:06:08,382 - __main__ - DEBUG - Прибыльных арбитражных возможностей не найдено
2025-09-02 21:06:08,935 - arbitrage_logic - DEBUG - Найдено 201 потенциальных путей
2025-09-02 21:06:08,935 - arbitrage_logic - DEBUG - Загрузка стаканов для 193 пар
2025-09-02 21:06:09,972 - arbitrage_logic - DEBUG - Загружено 193 стаканов заявок
2025-09-02 21:06:09,975 - __main__ - DEBUG - Прибыльных арбитражных возможностей не найдено
2025-09-02 21:06:10,546 - arbitrage_logic - DEBUG - Найдено 201 потенциальных путей
2025-09-02 21:06:10,547 - arbitrage_logic - DEBUG - Загрузка стаканов для 193 пар
2025-09-02 21:06:11,203 - arbitrage_logic - DEBUG - Загружено 193 стаканов заявок
2025-09-02 21:06:11,205 - __main__ - DEBUG - Прибыльных арбитражных возможностей не найдено
2025-09-02 21:06:11,779 - arbitrage_logic - DEBUG - Найдено 201 потенциальных путей
2025-09-02 21:06:11,779 - arbitrage_logic - DEBUG - Загрузка стаканов для 193 пар
2025-09-02 21:06:12,907 - arbitrage_logic - DEBUG - Загружено 193 стаканов заявок
2025-09-02 21:06:12,909 - __main__ - DEBUG - Прибыльных арбитражных возможностей не найдено
2025-09-02 21:06:13,474 - arbitrage_logic - DEBUG - Найдено 201 потенциальных путей
2025-09-02 21:06:13,474 - arbitrage_logic - DEBUG - Загрузка стаканов для 193 пар
2025-09-02 21:06:14,877 - arbitrage_logic - DEBUG - Загружено 193 стаканов заявок
2025-09-02 21:06:14,877 - __main__ - DEBUG - Прибыльных арбитражных возможностей не найдено
2025-09-02 21:06:15,435 - arbitrage_logic - DEBUG - Найдено 201 потенциальных путей
2025-09-02 21:06:15,436 - arbitrage_logic - DEBUG - Загрузка стаканов для 193 пар
2025-09-02 21:06:16,388 - arbitrage_logic - DEBUG - Загружено 193 стаканов заявок
2025-09-02 21:06:16,389 - __main__ - DEBUG - Прибыльных арбитражных возможностей не найдено
2025-09-02 21:06:16,936 - arbitrage_logic - DEBUG - Найдено 201 потенциальных путей
2025-09-02 21:06:16,936 - arbitrage_logic - DEBUG - Загрузка стаканов для 193 пар
2025-09-02 21:06:17,613 - arbitrage_logic - DEBUG - Загружено 193 стаканов заявок
2025-09-02 21:06:17,614 - __main__ - DEBUG - Прибыльных арбитражных возможностей не найдено
2025-09-02 21:06:18,186 - arbitrage_logic - DEBUG - Найдено 201 потенциальных путей
2025-09-02 21:06:18,187 - arbitrage_logic - DEBUG - Загрузка стаканов для 193 пар
2025-09-02 21:06:18,836 - arbitrage_logic - DEBUG - Загружено 193 стаканов заявок
2025-09-02 21:06:18,838 - __main__ - DEBUG - Прибыльных арбитражных возможностей не найдено
2025-09-02 21:06:19,408 - arbitrage_logic - DEBUG - Найдено 201 потенциальных путей
2025-09-02 21:06:19,409 - arbitrage_logic - DEBUG - Загрузка стаканов для 193 пар
2025-09-02 21:06:20,087 - arbitrage_logic - DEBUG - Загружено 193 стаканов заявок
2025-09-02 21:06:20,088 - __main__ - DEBUG - Прибыльных арбитражных возможностей не найдено
2025-09-02 21:06:20,648 - arbitrage_logic - DEBUG - Найдено 201 потенциальных путей
2025-09-02 21:06:20,649 - arbitrage_logic - DEBUG - Загрузка стаканов для 193 пар
2025-09-02 21:06:21,301 - arbitrage_logic - DEBUG - Загружено 193 стаканов заявок
2025-09-02 21:06:21,302 - __main__ - DEBUG - Прибыльных арбитражных возможностей не найдено
2025-09-02 21:06:21,864 - arbitrage_logic - DEBUG - Найдено 201 потенциальных путей
2025-09-02 21:06:21,865 - arbitrage_logic - DEBUG - Загрузка стаканов для 193 пар
2025-09-02 21:06:22,520 - arbitrage_logic - DEBUG - Загружено 193 стаканов заявок
2025-09-02 21:06:22,521 - __main__ - DEBUG - Прибыльных арбитражных возможностей не найдено
2025-09-02 21:06:23,069 - arbitrage_logic - DEBUG - Найдено 201 потенциальных путей
2025-09-02 21:06:23,069 - arbitrage_logic - DEBUG - Загрузка стаканов для 193 пар
2025-09-02 21:06:23,718 - arbitrage_logic - DEBUG - Загружено 193 стаканов заявок
2025-09-02 21:06:23,719 - __main__ - DEBUG - Прибыльных арбитражных возможностей не найдено
2025-09-02 21:06:24,279 - arbitrage_logic - DEBUG - Найдено 201 потенциальных путей
2025-09-02 21:06:24,280 - arbitrage_logic - DEBUG - Загрузка стаканов для 193 пар
2025-09-02 21:06:25,364 - arbitrage_logic - DEBUG - Загружено 193 стаканов заявок
2025-09-02 21:06:25,366 - __main__ - DEBUG - Прибыльных арбитражных возможностей не найдено
2025-09-02 21:06:25,925 - arbitrage_logic - DEBUG - Найдено 201 потенциальных путей
2025-09-02 21:06:25,926 - arbitrage_logic - DEBUG - Загрузка стаканов для 193 пар
2025-09-02 21:06:46,187 - arbitrage_logic - DEBUG - Загружено 193 стаканов заявок
2025-09-02 21:06:46,188 - __main__ - DEBUG - Прибыльных арбитражных возможностей не найдено
2025-09-02 21:06:46,751 - arbitrage_logic - DEBUG - Найдено 201 потенциальных путей
2025-09-02 21:06:46,751 - arbitrage_logic - DEBUG - Загрузка стаканов для 193 пар
2025-09-02 21:06:48,949 - arbitrage_logic - DEBUG - Загружено 193 стаканов заявок
2025-09-02 21:06:48,951 - __main__ - INFO - Найдено 1 арбитражных возможностей!
2025-09-02 21:06:49,534 - arbitrage_logic - DEBUG - Найдено 201 потенциальных путей
2025-09-02 21:06:49,534 - arbitrage_logic - DEBUG - Загрузка стаканов для 193 пар
2025-09-02 21:06:50,650 - arbitrage_logic - DEBUG - Загружено 193 стаканов заявок
2025-09-02 21:06:50,651 - __main__ - DEBUG - Прибыльных арбитражных возможностей не найдено
2025-09-02 21:06:51,226 - arbitrage_logic - DEBUG - Найдено 201 потенциальных путей
2025-09-02 21:06:51,226 - arbitrage_logic - DEBUG - Загрузка стаканов для 193 пар
2025-09-02 21:06:51,876 - arbitrage_logic - DEBUG - Загружено 193 стаканов заявок
2025-09-02 21:06:51,878 - __main__ - DEBUG - Прибыльных арбитражных возможностей не найдено
2025-09-02 21:06:52,450 - arbitrage_logic - DEBUG - Найдено 201 потенциальных путей
2025-09-02 21:06:52,451 - arbitrage_logic - DEBUG - Загрузка стаканов для 193 пар
2025-09-02 21:06:53,875 - arbitrage_logic - DEBUG - Загружено 193 стаканов заявок
2025-09-02 21:06:53,875 - __main__ - DEBUG - Прибыльных арбитражных возможностей не найдено
2025-09-02 21:06:54,428 - arbitrage_logic - DEBUG - Найдено 201 потенциальных путей
2025-09-02 21:06:54,428 - arbitrage_logic - DEBUG - Загрузка стаканов для 193 пар
2025-09-02 21:06:55,851 - arbitrage_logic - DEBUG - Загружено 193 стаканов заявок
2025-09-02 21:06:55,853 - __main__ - DEBUG - Прибыльных арбитражных возможностей не найдено
2025-09-02 21:06:56,409 - arbitrage_logic - DEBUG - Найдено 201 потенциальных путей
2025-09-02 21:06:56,409 - arbitrage_logic - DEBUG - Загрузка стаканов для 193 пар
2025-09-02 21:06:58,557 - arbitrage_logic - DEBUG - Загружено 193 стаканов заявок
2025-09-02 21:06:58,559 - __main__ - DEBUG - Прибыльных арбитражных возможностей не найдено
2025-09-02 21:06:59,121 - arbitrage_logic - DEBUG - Найдено 201 потенциальных путей
2025-09-02 21:06:59,121 - arbitrage_logic - DEBUG - Загрузка стаканов для 193 пар
2025-09-02 21:07:00,028 - arbitrage_logic - DEBUG - Загружено 193 стаканов заявок
2025-09-02 21:07:00,029 - __main__ - DEBUG - Прибыльных арбитражных возможностей не найдено
2025-09-02 21:07:00,586 - arbitrage_logic - DEBUG - Найдено 201 потенциальных путей
2025-09-02 21:07:00,586 - arbitrage_logic - DEBUG - Загрузка стаканов для 193 пар
2025-09-02 21:07:02,179 - arbitrage_logic - DEBUG - Загружено 193 стаканов заявок
2025-09-02 21:07:02,180 - __main__ - DEBUG - Прибыльных арбитражных возможностей не найдено
2025-09-02 21:07:02,772 - arbitrage_logic - DEBUG - Найдено 201 потенциальных путей
2025-09-02 21:07:02,772 - arbitrage_logic - DEBUG - Загрузка стаканов для 193 пар
2025-09-02 21:07:03,821 - arbitrage_logic - DEBUG - Загружено 193 стаканов заявок
2025-09-02 21:07:03,824 - __main__ - DEBUG - Прибыльных арбитражных возможностей не найдено
2025-09-02 21:07:04,412 - arbitrage_logic - DEBUG - Найдено 201 потенциальных путей
2025-09-02 21:07:04,412 - arbitrage_logic - DEBUG - Загрузка стаканов для 193 пар
2025-09-02 21:07:05,116 - arbitrage_logic - DEBUG - Загружено 193 стаканов заявок
2025-09-02 21:07:05,117 - __main__ - DEBUG - Прибыльных арбитражных возможностей не найдено
2025-09-02 21:07:05,684 - arbitrage_logic - DEBUG - Найдено 201 потенциальных путей
2025-09-02 21:07:05,684 - arbitrage_logic - DEBUG - Загрузка стаканов для 193 пар
2025-09-02 21:07:06,356 - arbitrage_logic - DEBUG - Загружено 193 стаканов заявок
2025-09-02 21:07:06,357 - __main__ - DEBUG - Прибыльных арбитражных возможностей не найдено
2025-09-02 21:07:06,936 - arbitrage_logic - DEBUG - Найдено 201 потенциальных путей
2025-09-02 21:07:06,936 - arbitrage_logic - DEBUG - Загрузка стаканов для 193 пар
2025-09-02 21:07:07,826 - arbitrage_logic - DEBUG - Загружено 193 стаканов заявок
2025-09-02 21:07:07,839 - __main__ - DEBUG - Прибыльных арбитражных возможностей не найдено
2025-09-02 21:07:08,446 - arbitrage_logic - DEBUG - Найдено 201 потенциальных путей
2025-09-02 21:07:08,447 - arbitrage_logic - DEBUG - Загрузка стаканов для 193 пар
2025-09-02 21:07:09,398 - arbitrage_logic - DEBUG - Загружено 193 стаканов заявок
2025-09-02 21:07:09,400 - __main__ - DEBUG - Прибыльных арбитражных возможностей не найдено
2025-09-02 21:07:09,952 - arbitrage_logic - DEBUG - Найдено 201 потенциальных путей
2025-09-02 21:07:09,952 - arbitrage_logic - DEBUG - Загрузка стаканов для 193 пар
2025-09-02 21:07:11,218 - arbitrage_logic - DEBUG - Загружено 193 стаканов заявок
2025-09-02 21:07:11,220 - __main__ - DEBUG - Прибыльных арбитражных возможностей не найдено
2025-09-02 21:07:11,803 - arbitrage_logic - DEBUG - Найдено 201 потенциальных путей
2025-09-02 21:07:11,803 - arbitrage_logic - DEBUG - Загрузка стаканов для 193 пар
2025-09-02 21:07:12,580 - arbitrage_logic - DEBUG - Загружено 193 стаканов заявок
2025-09-02 21:07:12,581 - __main__ - DEBUG - Прибыльных арбитражных возможностей не найдено
2025-09-02 21:07:13,143 - arbitrage_logic - DEBUG - Найдено 201 потенциальных путей
2025-09-02 21:07:13,144 - arbitrage_logic - DEBUG - Загрузка стаканов для 193 пар
2025-09-02 21:07:13,797 - arbitrage_logic - DEBUG - Загружено 193 стаканов заявок
2025-09-02 21:07:13,799 - __main__ - DEBUG - Прибыльных арбитражных возможностей не найдено
2025-09-02 21:07:14,349 - arbitrage_logic - DEBUG - Найдено 201 потенциальных путей
2025-09-02 21:07:14,350 - arbitrage_logic - DEBUG - Загрузка стаканов для 193 пар
2025-09-02 21:07:15,743 - arbitrage_logic - DEBUG - Загружено 193 стаканов заявок
2025-09-02 21:07:15,745 - __main__ - DEBUG - Прибыльных арбитражных возможностей не найдено
2025-09-02 21:07:16,302 - arbitrage_logic - DEBUG - Найдено 201 потенциальных путей
2025-09-02 21:07:16,302 - arbitrage_logic - DEBUG - Загрузка стаканов для 193 пар
2025-09-02 21:07:17,604 - arbitrage_logic - DEBUG - Загружено 193 стаканов заявок
2025-09-02 21:07:17,606 - __main__ - DEBUG - Прибыльных арбитражных возможностей не найдено
2025-09-02 21:07:18,181 - arbitrage_logic - DEBUG - Найдено 201 потенциальных путей
2025-09-02 21:07:18,182 - arbitrage_logic - DEBUG - Загрузка стаканов для 193 пар
2025-09-02 21:07:18,767 - arbitrage_logic - DEBUG - Загружено 193 стаканов заявок
2025-09-02 21:07:18,768 - __main__ - DEBUG - Прибыльных арбитражных возможностей не найдено
2025-09-02 21:07:19,356 - arbitrage_logic - DEBUG - Найдено 201 потенциальных путей
2025-09-02 21:07:19,356 - arbitrage_logic - DEBUG - Загрузка стаканов для 193 пар
2025-09-02 21:07:19,989 - arbitrage_logic - DEBUG - Загружено 193 стаканов заявок
2025-09-02 21:07:19,990 - __main__ - DEBUG - Прибыльных арбитражных возможностей не найдено
2025-09-02 21:07:20,551 - arbitrage_logic - DEBUG - Найдено 201 потенциальных путей
2025-09-02 21:07:20,551 - arbitrage_logic - DEBUG - Загрузка стаканов для 193 пар
2025-09-02 21:07:21,317 - arbitrage_logic - DEBUG - Загружено 193 стаканов заявок
2025-09-02 21:07:21,318 - __main__ - DEBUG - Прибыльных арбитражных возможностей не найдено
2025-09-02 21:07:21,904 - arbitrage_logic - DEBUG - Найдено 201 потенциальных путей
2025-09-02 21:07:21,904 - arbitrage_logic - DEBUG - Загрузка стаканов для 193 пар
2025-09-02 21:07:22,938 - arbitrage_logic - DEBUG - Загружено 193 стаканов заявок
2025-09-02 21:07:22,941 - __main__ - DEBUG - Прибыльных арбитражных возможностей не найдено
2025-09-02 21:07:23,522 - arbitrage_logic - DEBUG - Найдено 201 потенциальных путей
2025-09-02 21:07:23,523 - arbitrage_logic - DEBUG - Загрузка стаканов для 193 пар
2025-09-02 21:07:23,987 - arbitrage_logic - DEBUG - Загружено 193 стаканов заявок
2025-09-02 21:07:23,989 - __main__ - DEBUG - Прибыльных арбитражных возможностей не найдено
2025-09-02 21:07:24,546 - arbitrage_logic - DEBUG - Найдено 201 потенциальных путей
2025-09-02 21:07:24,547 - arbitrage_logic - DEBUG - Загрузка стаканов для 193 пар
2025-09-02 21:07:25,208 - arbitrage_logic - DEBUG - Загружено 193 стаканов заявок
2025-09-02 21:07:25,210 - __main__ - DEBUG - Прибыльных арбитражных возможностей не найдено
2025-09-02 21:07:25,775 - arbitrage_logic - DEBUG - Найдено 201 потенциальных путей
2025-09-02 21:07:25,776 - arbitrage_logic - DEBUG - Загрузка стаканов для 193 пар
2025-09-02 21:07:26,460 - arbitrage_logic - DEBUG - Загружено 193 стаканов заявок
2025-09-02 21:07:26,463 - __main__ - DEBUG - Прибыльных арбитражных возможностей не найдено
2025-09-02 21:07:27,026 - arbitrage_logic - DEBUG - Найдено 201 потенциальных путей
2025-09-02 21:07:27,026 - arbitrage_logic - DEBUG - Загрузка стаканов для 193 пар
2025-09-02 21:07:47,066 - arbitrage_logic - DEBUG - Загружено 193 стаканов заявок
2025-09-02 21:07:47,066 - __main__ - DEBUG - Прибыльных арбитражных возможностей не найдено
2025-09-02 21:07:47,612 - arbitrage_logic - DEBUG - Найдено 201 потенциальных путей
2025-09-02 21:07:47,612 - arbitrage_logic - DEBUG - Загрузка стаканов для 193 пар
2025-09-02 21:07:49,917 - arbitrage_logic - DEBUG - Загружено 193 стаканов заявок
2025-09-02 21:07:49,918 - __main__ - DEBUG - Прибыльных арбитражных возможностей не найдено
2025-09-02 21:07:50,479 - arbitrage_logic - DEBUG - Найдено 201 потенциальных путей
2025-09-02 21:07:50,479 - arbitrage_logic - DEBUG - Загрузка стаканов для 193 пар
2025-09-02 21:07:51,535 - arbitrage_logic - DEBUG - Загружено 193 стаканов заявок
2025-09-02 21:07:51,538 - __main__ - DEBUG - Прибыльных арбитражных возможностей не найдено
2025-09-02 21:07:52,104 - arbitrage_logic - DEBUG - Найдено 201 потенциальных путей
2025-09-02 21:07:52,104 - arbitrage_logic - DEBUG - Загрузка стаканов для 193 пар
2025-09-02 21:07:52,805 - arbitrage_logic - DEBUG - Загружено 193 стаканов заявок
2025-09-02 21:07:52,806 - __main__ - DEBUG - Прибыльных арбитражных возможностей не найдено
2025-09-02 21:07:53,397 - arbitrage_logic - DEBUG - Найдено 201 потенциальных путей
2025-09-02 21:07:53,397 - arbitrage_logic - DEBUG - Загрузка стаканов для 193 пар
2025-09-02 21:07:54,719 - arbitrage_logic - DEBUG - Загружено 193 стаканов заявок
2025-09-02 21:07:54,721 - __main__ - DEBUG - Прибыльных арбитражных возможностей не найдено
2025-09-02 21:07:55,323 - arbitrage_logic - DEBUG - Найдено 201 потенциальных путей
2025-09-02 21:07:55,324 - arbitrage_logic - DEBUG - Загрузка стаканов для 193 пар
2025-09-02 21:07:56,692 - arbitrage_logic - DEBUG - Загружено 193 стаканов заявок
2025-09-02 21:07:56,699 - __main__ - DEBUG - Прибыльных арбитражных возможностей не найдено
2025-09-02 21:07:57,284 - arbitrage_logic - DEBUG - Найдено 201 потенциальных путей
2025-09-02 21:07:57,284 - arbitrage_logic - DEBUG - Загрузка стаканов для 193 пар
2025-09-02 21:07:59,836 - arbitrage_logic - DEBUG - Загружено 193 стаканов заявок
2025-09-02 21:07:59,839 - __main__ - DEBUG - Прибыльных арбитражных возможностей не найдено
2025-09-02 21:08:00,408 - arbitrage_logic - DEBUG - Найдено 201 потенциальных путей
2025-09-02 21:08:00,409 - arbitrage_logic - DEBUG - Загрузка стаканов для 193 пар
2025-09-02 21:08:01,190 - arbitrage_logic - DEBUG - Загружено 193 стаканов заявок
2025-09-02 21:08:01,191 - __main__ - DEBUG - Прибыльных арбитражных возможностей не найдено
2025-09-02 21:08:01,757 - arbitrage_logic - DEBUG - Найдено 201 потенциальных путей
2025-09-02 21:08:01,757 - arbitrage_logic - DEBUG - Загрузка стаканов для 193 пар
2025-09-02 21:08:03,409 - arbitrage_logic - DEBUG - Загружено 193 стаканов заявок
2025-09-02 21:08:03,411 - __main__ - DEBUG - Прибыльных арбитражных возможностей не найдено
2025-09-02 21:08:03,991 - arbitrage_logic - DEBUG - Найдено 201 потенциальных путей
2025-09-02 21:08:03,991 - arbitrage_logic - DEBUG - Загрузка стаканов для 193 пар
2025-09-02 21:08:04,770 - arbitrage_logic - DEBUG - Загружено 193 стаканов заявок
2025-09-02 21:08:04,771 - __main__ - DEBUG - Прибыльных арбитражных возможностей не найдено
2025-09-02 21:08:05,344 - arbitrage_logic - DEBUG - Найдено 201 потенциальных путей
2025-09-02 21:08:05,344 - arbitrage_logic - DEBUG - Загрузка стаканов для 193 пар
2025-09-02 21:08:06,040 - arbitrage_logic - DEBUG - Загружено 193 стаканов заявок
2025-09-02 21:08:06,042 - __main__ - DEBUG - Прибыльных арбитражных возможностей не найдено
2025-09-02 21:08:06,620 - arbitrage_logic - DEBUG - Найдено 201 потенциальных путей
2025-09-02 21:08:06,620 - arbitrage_logic - DEBUG - Загрузка стаканов для 193 пар
2025-09-02 21:08:07,317 - arbitrage_logic - DEBUG - Загружено 193 стаканов заявок
2025-09-02 21:08:07,318 - __main__ - DEBUG - Прибыльных арбитражных возможностей не найдено
2025-09-02 21:08:07,891 - arbitrage_logic - DEBUG - Найдено 201 потенциальных путей
2025-09-02 21:08:07,892 - arbitrage_logic - DEBUG - Загрузка стаканов для 193 пар
2025-09-02 21:08:08,809 - arbitrage_logic - DEBUG - Загружено 193 стаканов заявок
2025-09-02 21:08:08,812 - __main__ - DEBUG - Прибыльных арбитражных возможностей не найдено
2025-09-02 21:08:09,403 - arbitrage_logic - DEBUG - Найдено 201 потенциальных путей
2025-09-02 21:08:09,403 - arbitrage_logic - DEBUG - Загрузка стаканов для 193 пар
2025-09-02 21:08:10,777 - arbitrage_logic - DEBUG - Загружено 193 стаканов заявок
2025-09-02 21:08:10,778 - __main__ - DEBUG - Прибыльных арбитражных возможностей не найдено
2025-09-02 21:08:11,332 - arbitrage_logic - DEBUG - Найдено 201 потенциальных путей
2025-09-02 21:08:11,333 - arbitrage_logic - DEBUG - Загрузка стаканов для 193 пар
2025-09-02 21:08:12,454 - arbitrage_logic - DEBUG - Загружено 193 стаканов заявок
2025-09-02 21:08:12,456 - __main__ - DEBUG - Прибыльных арбитражных возможностей не найдено
2025-09-02 21:08:13,013 - arbitrage_logic - DEBUG - Найдено 201 потенциальных путей
2025-09-02 21:08:13,013 - arbitrage_logic - DEBUG - Загрузка стаканов для 193 пар
2025-09-02 21:08:14,022 - arbitrage_logic - DEBUG - Загружено 193 стаканов заявок
2025-09-02 21:08:14,023 - __main__ - DEBUG - Прибыльных арбитражных возможностей не найдено
2025-09-02 21:08:14,594 - arbitrage_logic - DEBUG - Найдено 201 потенциальных путей
2025-09-02 21:08:14,595 - arbitrage_logic - DEBUG - Загрузка стаканов для 193 пар
2025-09-02 21:08:15,213 - arbitrage_logic - DEBUG - Загружено 193 стаканов заявок
2025-09-02 21:08:15,215 - __main__ - DEBUG - Прибыльных арбитражных возможностей не найдено
2025-09-02 21:08:15,805 - arbitrage_logic - DEBUG - Найдено 201 потенциальных путей
2025-09-02 21:08:15,806 - arbitrage_logic - DEBUG - Загрузка стаканов для 193 пар
2025-09-02 21:08:16,595 - arbitrage_logic - DEBUG - Загружено 193 стаканов заявок
2025-09-02 21:08:16,596 - __main__ - DEBUG - Прибыльных арбитражных возможностей не найдено
2025-09-02 21:08:17,175 - arbitrage_logic - DEBUG - Найдено 201 потенциальных путей
2025-09-02 21:08:17,176 - arbitrage_logic - DEBUG - Загрузка стаканов для 193 пар
2025-09-02 21:08:18,900 - arbitrage_logic - DEBUG - Загружено 193 стаканов заявок
2025-09-02 21:08:18,903 - __main__ - DEBUG - Прибыльных арбитражных возможностей не найдено
2025-09-02 21:08:19,482 - arbitrage_logic - DEBUG - Найдено 201 потенциальных путей
2025-09-02 21:08:19,482 - arbitrage_logic - DEBUG - Загрузка стаканов для 193 пар
2025-09-02 21:08:20,165 - arbitrage_logic - DEBUG - Загружено 193 стаканов заявок
2025-09-02 21:08:20,166 - __main__ - DEBUG - Прибыльных арбитражных возможностей не найдено
2025-09-02 21:08:20,734 - arbitrage_logic - DEBUG - Найдено 201 потенциальных путей
2025-09-02 21:08:20,734 - arbitrage_logic - DEBUG - Загрузка стаканов для 193 пар
2025-09-02 21:08:21,346 - arbitrage_logic - DEBUG - Загружено 193 стаканов заявок
2025-09-02 21:08:21,347 - __main__ - DEBUG - Прибыльных арбитражных возможностей не найдено
2025-09-02 21:08:21,916 - arbitrage_logic - DEBUG - Найдено 201 потенциальных путей
2025-09-02 21:08:21,918 - arbitrage_logic - DEBUG - Загрузка стаканов для 193 пар
2025-09-02 21:08:22,574 - arbitrage_logic - DEBUG - Загружено 193 стаканов заявок
2025-09-02 21:08:22,575 - __main__ - DEBUG - Прибыльных арбитражных возможностей не найдено
2025-09-02 21:08:23,130 - arbitrage_logic - DEBUG - Найдено 201 потенциальных путей
2025-09-02 21:08:23,131 - arbitrage_logic - DEBUG - Загрузка стаканов для 193 пар
2025-09-02 21:08:23,889 - arbitrage_logic - DEBUG - Загружено 193 стаканов заявок
2025-09-02 21:08:23,890 - __main__ - DEBUG - Прибыльных арбитражных возможностей не найдено
2025-09-02 21:08:24,458 - arbitrage_logic - DEBUG - Найдено 201 потенциальных путей
2025-09-02 21:08:24,458 - arbitrage_logic - DEBUG - Загрузка стаканов для 193 пар
2025-09-02 21:08:25,115 - arbitrage_logic - DEBUG - Загружено 193 стаканов заявок
2025-09-02 21:08:25,116 - __main__ - DEBUG - Прибыльных арбитражных возможностей не найдено
2025-09-02 21:08:25,667 - arbitrage_logic - DEBUG - Найдено 201 потенциальных путей
2025-09-02 21:08:25,668 - arbitrage_logic - DEBUG - Загрузка стаканов для 193 пар
2025-09-02 21:08:26,332 - arbitrage_logic - DEBUG - Загружено 193 стаканов заявок
2025-09-02 21:08:26,334 - __main__ - DEBUG - Прибыльных арбитражных возможностей не найдено
2025-09-02 21:08:26,891 - arbitrage_logic - DEBUG - Найдено 201 потенциальных путей
2025-09-02 21:08:26,891 - arbitrage_logic - DEBUG - Загрузка стаканов для 193 пар
2025-09-02 21:08:27,309 - arbitrage_logic - DEBUG - Загружено 193 стаканов заявок
2025-09-02 21:08:27,311 - __main__ - DEBUG - Прибыльных арбитражных возможностей не найдено
2025-09-02 21:08:27,869 - arbitrage_logic - DEBUG - Найдено 201 потенциальных путей
2025-09-02 21:08:27,869 - arbitrage_logic - DEBUG - Загрузка стаканов для 193 пар
